p/1528914459014.jpg 1 0 0 620 320
p/1528914459022.jpg 1 0 0 500 332
p/1528914458886.jpg 1 0 0 1000 1333
p/1528914458904.jpg 1 0 0 642 320
p/1528914458909.jpeg 1 0 0 348 451
p/1528914458916.jpg 1 0 0 540 720
p/1528914458922.jpg 1 0 0 637 346
p/1528914458932.jpg 1 0 0 2448 3264
p/1528914458962.jpeg 1 0 0 606 304
p/1528914458966.jpg 1 0 0 590 332
p/1528914458974.jpg 1 0 0 660 440
p/1528914459028.jpg 1 0 0 960 640
p/1528914458903.jpg 1 0 0 620 388
p/1528914458906.jpg 1 0 0 600 400
p/1528914458907.jpg 1 0 0 720 478
p/1528914458917.jpg 1 0 0 640 427
p/1528914458920.jpeg 1 0 0 1648 1200
p/1528914458960.jpg 1 0 0 333 240
p/1528914458967.jpg 1 0 0 750 563
p/1528914458975.jpg 1 0 0 1000 750
p/1528914458981.jpg 1 0 0 935 452
p/1528914458983.jpg 1 0 0 360 537
p/1528914458988.jpg 1 0 0 640 426
p/1528914459012.jpg 1 0 0 579 434
p/1528914459019.jpg 1 0 0 1965 1310
p/1528914459023.jpg 1 0 0 514 348
p/1528914459005.jpg 1 0 0 658 330
p/1528914459010.jpg 1 0 0 600 400
p/1528914458888.jpg 1 0 0 567 362
p/1528914458893.jpg 1 0 0 748 498
p/1528914458900.jpg 1 0 0 555 270
p/1528914458912.jpg 1 0 0 640 360
p/1528914458914.jpg 1 0 0 567 382
p/1528914458918.jpg 1 0 0 600 400
p/1528914458925.jpg 1 0 0 640 360
p/1528914458931.png 1 0 0 620 320
p/1528914458939.jpg 1 0 0 847 510
p/1528914458941.jpeg 1 0 0 606 304
p/1528914458945.jpg 1 0 0 670 447
p/1528914458950.jpg 1 0 0 630 350
p/1528914458951.jpg 1 0 0 660 880
p/1528914458956.jpg 1 0 0 590 332
p/1528914458972.jpg 1 0 0 250 187
p/1528914458977.jpg 1 0 0 600 338
p/1528914458985.jpg 1 0 0 660 438
p/1528914458986.jpg 1 0 0 1000 562
p/1528914458992.jpg 1 0 0 660 569
p/1528914458993.jpg 1 0 0 2400 1304
p/1528914458998.jpeg 1 0 0 606 304
p/1528914459000.jpg 1 0 0 700 464
p/1528914459002.jpg 1 0 0 1600 900
p/1528914459041.jpg 1 0 0 670 1005
p/1528914458942.jpg 1 0 0 960 675
p/1528914458944.jpg 1 0 0 640 336
p/1528914458948.jpg 1 0 0 880 440
p/1528914458949.jpg 1 0 0 960 720
p/1528914458954.jpg 1 0 0 960 720
p/1528914458955.jpg 1 0 0 600 400
p/1528914458957.jpg 1 0 0 650 433
p/1528914458958.jpg 1 0 0 780 585
p/1528914458961.jpg 1 0 0 1920 1152
p/1528914458964.jpg 1 0 0 617 400
p/1528914458965.jpg 1 0 0 400 241
p/1528914458968.jpg 1 0 0 620 348
p/1528914458969.jpg 1 0 0 450 345
p/1528914458973.jpg 1 0 0 640 300
p/1528914458978.jpg 1 0 0 658 330
p/1528914458990.jpg 1 0 0 545 363
p/1528914458994.jpg 1 0 0 400 396
p/1528914458999.jpg 1 0 0 320 240
p/1528914459004.jpg 1 0 0 787 444
p/1528914459008.png 1 0 0 349 251
p/1528914459009.jpg 1 0 0 750 422
p/1528914459015.jpg 1 0 0 450 701
p/1528914459016.jpg 1 0 0 770 1157
p/1528914459021.jpg 1 0 0 940 350
p/1528914459027.jpg 1 0 0 590 332
p/1528914459030.jpg 1 0 0 1000 1333
p/1528914459033.jpg 1 0 0 567 320
p/1528914459039.jpg 1 0 0 1000 500
p/1528914458943.jpg 1 0 0 600 365
p/1528914458946.jpg 1 0 0 1280 960
p/1528914458952.jpg 1 0 0 670 488
p/1528914458959.jpg 1 0 0 455 492
p/1528914458970.jpg 1 0 0 1600 1064
p/1528914458976.jpg 1 0 0 780 516
p/1528914458984.jpg 1 0 0 1000 750
p/1528914458987.jpg 1 0 0 550 413
p/1528914458989.jpg 1 0 0 545 454
p/1528914458995.jpg 1 0 0 770 719
p/1528914458996.jpg 1 0 0 750 422
p/1528914459001.jpeg 1 0 0 1200 528
p/1528914459003.jpg 1 0 0 750 250
p/1528914459007.jpg 1 0 0 660 360
p/1528914459011.jpg 1 0 0 214 255
p/1528914458884.jpg 1 0 0 675 440
p/1528914458885.jpg 1 0 0 600 315
p/1528914458887.jpg 1 0 0 624 360
p/1528914458890.jpg 1 0 0 658 300
p/1528914458891.jpg 1 0 0 799 1200
p/1528914458892.jpg 1 0 0 750 519
p/1528914458894.jpg 1 0 0 300 225
p/1528914458895.jpg 1 0 0 665 374
p/1528914458896.jpg 1 0 0 600 419
p/1528914458897.jpg 1 0 0 584 438
p/1528914458898.jpg 1 0 0 650 433
p/1528914458899.jpg 1 0 0 610 380
p/1528914458901.jpg 1 0 0 300 401
p/1528914458905.jpg 1 0 0 470 705
p/1528914458908.jpg 1 0 0 623 830
p/1528914458910.jpg 1 0 0 550 555
p/1528914458911.png 1 0 0 728 525
p/1528914458915.jpg 1 0 0 300 168
p/1528914458919.jpg 1 0 0 1764 700
p/1528914458923.jpg 1 0 0 740 923
p/1528914458924.jpg 1 0 0 664 354
p/1528914458926.jpg 1 0 0 500 500
p/1528914458927.jpg 1 0 0 250 166
p/1528914458928.jpg 1 0 0 1280 720
p/1528914458930.jpg 1 0 0 370 240
p/1528914458933.jpg 1 0 0 677 532
p/1528914458934.jpg 1 0 0 900 1200
p/1528914458935.jpg 1 0 0 1680 1050
p/1528914458936.jpg 1 0 0 545 454
p/1528914458937.jpg 1 0 0 880 587
p/1528914458940.jpg 1 0 0 610 340
p/1528914458979.bmp 1 0 0 250 171
p/1528914458980.jpg 1 0 0 619 514
p/1528914459017.jpg 1 0 0 600 400
p/1528914459020.jpg 1 0 0 724 483
p/1528914459025.jpg 1 0 0 590 370
p/1528914459026.jpg 1 0 0 880 440
p/1528914459029.jpg 1 0 0 800 450
p/1528914459032.jpg 1 0 0 1632 918
p/1528914459034.jpg 1 0 0 700 1099
p/1528914459035.jpg 1 0 0 545 308
p/1528914459037.jpg 1 0 0 617 400
p/1528914459038.jpg 1 0 0 660 440
p/1528914459040.jpg 1 0 0 545 341
p/1528914459042.jpg 1 0 0 630 350
p/1528914459043.jpg 1 0 0 645 849